2026-03-28 12:26:31,545 | INFO  | chessadapt.composer | RuleComposer initialised | fen=8/8/8/3B4/8/8/8/8 w - - 0 1 | rules=bishop_as_rook | categories=movement
2026-03-28 12:26:31,547 | INFO  | chessadapt.composer | RuleComposer initialised | fen=rnbqkbnr/pppppppp/8/8/8/8/PPPPPPPP/RNBQKBNR w KQkq - 0 1 | rules=no_repeat_piece | categories=turn_structure
2026-03-28 12:26:31,549 | INFO  | chessadapt.composer | RuleComposer initialised | fen=8/8/8/8/8/8/PPPPPPPP/4K3 w - - 0 1 | rules=capture_all_pawns | categories=win_condition
2026-03-28 12:26:31,550 | INFO  | chessadapt.composer | RuleComposer initialised | fen=rnbqkbnr/pppppppp/8/8/8/8/PPPPPPPP/RNBQKBNR w KQkq - 0 1 | rules=bishop_as_rook | categories=movement
2026-03-28 12:26:31,551 | INFO  | chessadapt.composer | RuleComposer initialised | fen=rnbqkbnr/pppppppp/8/8/8/8/PPPPPPPP/RNBQKBNR w KQkq - 0 1 | rules=bishop_as_rook+no_repeat_piece | categories=movement+turn_structure
2026-03-28 12:26:31,553 | INFO  | chessadapt.composer | RuleComposer initialised | fen=rnbqkbnr/pppppppp/8/8/8/8/PPPPPPPP/RNBQKBNR w KQkq - 0 1 | rules=bishop_as_rook+no_repeat_piece | categories=movement+turn_structure
2026-03-28 12:26:31,554 | INFO  | chessadapt.composer | RuleComposer initialised | fen=rnbqkbnr/pppppppp/8/8/8/8/PPPPPPPP/RNBQKBNR w KQkq - 0 1 | rules=queen_no_backwards+no_repeat_piece | categories=movement+turn_structure
2026-03-28 12:26:31,554 | INFO  | chessadapt.composer | move=e2e4 | fen=rnbqkbnr/pppppppp/8/8/8/8/PPPPPPPP/RNBQKBNR w KQkq - 0 1 | rules=queen_no_backwards+no_repeat_piece | legal=True | PUSHED
2026-03-28 12:26:31,556 | INFO  | chessadapt.composer | RuleComposer initialised | fen=rnbqkbnr/pppppppp/8/8/8/8/PPPPPPPP/RNBQKBNR w KQkq - 0 1 | rules=bishop_as_rook+no_repeat_piece | categories=movement+turn_structure
2026-03-28 12:26:31,556 | INFO  | chessadapt.composer | move=e2e4 | fen=rnbqkbnr/pppppppp/8/8/8/8/PPPPPPPP/RNBQKBNR w KQkq - 0 1 | rules=bishop_as_rook+no_repeat_piece | legal=True | PUSHED
2026-03-28 12:26:31,557 | DEBUG | chessadapt.composer | POP | fen=rnbqkbnr/pppppppp/8/8/8/8/PPPPPPPP/RNBQKBNR w KQkq - 0 1
2026-03-28 12:26:31,559 | INFO  | chessadapt.composer | RuleComposer initialised | fen=rnbqkbnr/pppppppp/8/8/8/8/PPPPPPPP/RNBQKBNR w KQkq - 0 1 | rules=bishop_as_rook | categories=movement
2026-03-28 12:26:31,560 | INFO  | chessadapt.composer | move=e2e4 | fen=rnbqkbnr/pppppppp/8/8/8/8/PPPPPPPP/RNBQKBNR w KQkq - 0 1 | rules=bishop_as_rook | legal=True | inhibition_fail=False
2026-03-28 12:26:31,561 | INFO  | chessadapt.composer | RuleComposer initialised | fen=8/8/8/3B4/8/8/8/4K2k w - - 0 1 | rules=bishop_as_rook | categories=movement
2026-03-28 12:26:31,561 | WARNING | chessadapt.composer | move=d5e6 | fen=8/8/8/3B4/8/8/8/4K2k w - - 0 1 | rules=bishop_as_rook | legal=False | inhibition_fail=True
2026-03-28 12:26:31,562 | INFO  | chessadapt.composer | RuleComposer initialised | fen=rnbqkbnr/pppppppp/8/8/8/8/PPPPPPPP/RNBQKBNR w KQkq - 0 1 | rules=bishop_as_rook | categories=movement
2026-03-28 12:26:31,562 | INFO  | chessadapt.composer | move=e2e4 | fen=rnbqkbnr/pppppppp/8/8/8/8/PPPPPPPP/RNBQKBNR w KQkq - 0 1 | rules=bishop_as_rook | legal=True | inhibition_fail=False
2026-03-28 12:26:31,563 | INFO  | chessadapt.composer | move=d2d4 | fen=rnbqkbnr/pppppppp/8/8/8/8/PPPPPPPP/RNBQKBNR w KQkq - 0 1 | rules=bishop_as_rook | legal=True | inhibition_fail=False
2026-03-28 12:26:31,572 | INFO  | chessadapt.composer | RuleComposer initialised | fen=rnbqkbnr/pppppppp/8/8/8/8/PPPPPPPP/RNBQKBNR w KQkq - 0 1 | rules=bishop_as_rook | categories=movement
2026-03-28 12:26:31,573 | INFO  | chessadapt.composer | move=e2e4 | fen=rnbqkbnr/pppppppp/8/8/8/8/PPPPPPPP/RNBQKBNR w KQkq - 0 1 | rules=bishop_as_rook | legal=True | inhibition_fail=False
2026-03-28 12:26:31,575 | INFO  | chessadapt.composer | RuleComposer initialised | fen=8/8/8/3B4/8/8/8/4K2k w - - 0 1 | rules=bishop_as_rook | categories=movement
2026-03-28 12:26:31,575 | WARNING | chessadapt.composer | move=d5e6 | fen=8/8/8/3B4/8/8/8/4K2k w - - 0 1 | rules=bishop_as_rook | legal=False | inhibition_fail=True
2026-03-28 12:26:31,577 | INFO  | chessadapt.composer | RuleComposer initialised | fen=rnbqkbnr/pppppppp/8/8/8/8/PPPPPPPP/RNBQKBNR w KQkq - 0 1 | rules=bishop_as_rook | categories=movement
2026-03-28 12:26:31,577 | INFO  | chessadapt.composer | move=e2e4 | fen=rnbqkbnr/pppppppp/8/8/8/8/PPPPPPPP/RNBQKBNR w KQkq - 0 1 | rules=bishop_as_rook | legal=True | inhibition_fail=False
2026-03-28 12:26:31,577 | INFO  | chessadapt.composer | RuleComposer initialised | fen=rnbqkbnr/pppppppp/8/8/8/8/PPPPPPPP/RNBQKBNR w KQkq - 0 1 | rules=queen_no_backwards | categories=movement
2026-03-28 12:26:31,578 | INFO  | chessadapt.composer | move=d2d4 | fen=rnbqkbnr/pppppppp/8/8/8/8/PPPPPPPP/RNBQKBNR w KQkq - 0 1 | rules=queen_no_backwards | legal=True | inhibition_fail=False
2026-03-28 12:26:31,579 | INFO  | chessadapt.composer | RuleComposer initialised | fen=rnbqkbnr/pppppppp/8/8/8/8/PPPPPPPP/RNBQKBNR w KQkq - 0 1 | rules=bishop_as_rook | categories=movement
2026-03-28 12:26:31,580 | INFO  | chessadapt.composer | move=e2e4 | fen=rnbqkbnr/pppppppp/8/8/8/8/PPPPPPPP/RNBQKBNR w KQkq - 0 1 | rules=bishop_as_rook | legal=True | inhibition_fail=False
2026-03-28 12:26:31,581 | INFO  | chessadapt.composer | RuleComposer initialised | fen=rnbqkbnr/pppppppp/8/8/8/8/PPPPPPPP/RNBQKBNR w KQkq - 0 1 | rules=bishop_as_rook | categories=movement
2026-03-28 12:26:31,582 | INFO  | chessadapt.composer | move=e2e4 | fen=rnbqkbnr/pppppppp/8/8/8/8/PPPPPPPP/RNBQKBNR w KQkq - 0 1 | rules=bishop_as_rook | legal=True | inhibition_fail=False
2026-03-28 12:26:31,582 | INFO  | chessadapt.composer | RuleComposer initialised | fen=rnbqkbnr/pppppppp/8/8/8/8/PPPPPPPP/RNBQKBNR w KQkq - 0 1 | rules=bishop_as_rook | categories=movement
2026-03-28 12:26:31,582 | INFO  | chessadapt.composer | move=d2d4 | fen=rnbqkbnr/pppppppp/8/8/8/8/PPPPPPPP/RNBQKBNR w KQkq - 0 1 | rules=bishop_as_rook | legal=True | inhibition_fail=False
2026-03-28 12:26:31,584 | INFO  | chessadapt.composer | RuleComposer initialised | fen=rnbqkbnr/pppppppp/8/8/8/8/PPPPPPPP/RNBQKBNR w KQkq - 0 1 | rules=bishop_as_rook | categories=movement
2026-03-28 12:26:31,584 | INFO  | chessadapt.composer | move=e2e4 | fen=rnbqkbnr/pppppppp/8/8/8/8/PPPPPPPP/RNBQKBNR w KQkq - 0 1 | rules=bishop_as_rook | legal=True | inhibition_fail=False
